The target system is: Generic -  - arm
The host system is: Linux - 5.4.0-66-generic - x86_64
Compiling the C compiler identification source file "CMakeCCompilerId.c" succeeded.
Compiler: /home/fdsa/opt/gcc-arm-none-eabi-10-2020-q4-major/bin/arm-none-eabi-gcc 
Build flags: --specs=nosys.specs
Id flags:  

The output was:
0


Compilation of the C compiler identification source "CMakeCCompilerId.c" produced "a.out"

The C compiler identification is GNU, found in "/home/fdsa/freertos-colibri-imx7/examples/imx7_colibri_m4/driver_examples/gpio_bank2_imx/armgcc/release/CMakeFiles/3.10.2/CompilerIdC/a.out"

Compiling the CXX compiler identification source file "CMakeCXXCompilerId.cpp" succeeded.
Compiler: /home/fdsa/opt/gcc-arm-none-eabi-10-2020-q4-major/bin/arm-none-eabi-g++ 
Build flags: --specs=nosys.specs
Id flags:  

The output was:
0


Compilation of the CXX compiler identification source "CMakeCXXCompilerId.cpp" produced "a.out"

The CXX compiler identification is GNU, found in "/home/fdsa/freertos-colibri-imx7/examples/imx7_colibri_m4/driver_examples/gpio_bank2_imx/armgcc/release/CMakeFiles/3.10.2/CompilerIdCXX/a.out"

Determining if the C compiler works passed with the following output:
Change Dir: /home/fdsa/freertos-colibri-imx7/examples/imx7_colibri_m4/driver_examples/gpio_bank2_imx/armgcc/release/CMakeFiles/CMakeTmp

Run Build Command:"/usr/bin/make" "cmTC_61c9a/fast"
/usr/bin/make -f CMakeFiles/cmTC_61c9a.dir/build.make CMakeFiles/cmTC_61c9a.dir/build
make[1]: Entering directory '/home/fdsa/freertos-colibri-imx7/examples/imx7_colibri_m4/driver_examples/gpio_bank2_imx/armgcc/release/CMakeFiles/CMakeTmp'
Building C object CMakeFiles/cmTC_61c9a.dir/testCCompiler.c.obj
/home/fdsa/opt/gcc-arm-none-eabi-10-2020-q4-major/bin/arm-none-eabi-gcc   --specs=nosys.specs    -o CMakeFiles/cmTC_61c9a.dir/testCCompiler.c.obj   -c /home/fdsa/freertos-colibri-imx7/examples/imx7_colibri_m4/driver_examples/gpio_bank2_imx/armgcc/release/CMakeFiles/CMakeTmp/testCCompiler.c
Linking C executable cmTC_61c9a
/usr/bin/cmake -E cmake_link_script CMakeFiles/cmTC_61c9a.dir/link.txt --verbose=1
/home/fdsa/opt/gcc-arm-none-eabi-10-2020-q4-major/bin/arm-none-eabi-gcc --specs=nosys.specs     CMakeFiles/cmTC_61c9a.dir/testCCompiler.c.obj  -o cmTC_61c9a 
make[1]: Leaving directory '/home/fdsa/freertos-colibri-imx7/examples/imx7_colibri_m4/driver_examples/gpio_bank2_imx/armgcc/release/CMakeFiles/CMakeTmp'


Detecting C compiler ABI info compiled with the following output:
Change Dir: /home/fdsa/freertos-colibri-imx7/examples/imx7_colibri_m4/driver_examples/gpio_bank2_imx/armgcc/release/CMakeFiles/CMakeTmp

Run Build Command:"/usr/bin/make" "cmTC_15429/fast"
/usr/bin/make -f CMakeFiles/cmTC_15429.dir/build.make CMakeFiles/cmTC_15429.dir/build
make[1]: Entering directory '/home/fdsa/freertos-colibri-imx7/examples/imx7_colibri_m4/driver_examples/gpio_bank2_imx/armgcc/release/CMakeFiles/CMakeTmp'
Building C object CMakeFiles/cmTC_15429.dir/CMakeCCompilerABI.c.obj
/home/fdsa/opt/gcc-arm-none-eabi-10-2020-q4-major/bin/arm-none-eabi-gcc   --specs=nosys.specs    -o CMakeFiles/cmTC_15429.dir/CMakeCCompilerABI.c.obj   -c /usr/share/cmake-3.10/Modules/CMakeCCompilerABI.c
Linking C executable cmTC_15429
/usr/bin/cmake -E cmake_link_script CMakeFiles/cmTC_15429.dir/link.txt --verbose=1
/home/fdsa/opt/gcc-arm-none-eabi-10-2020-q4-major/bin/arm-none-eabi-gcc --specs=nosys.specs    -v CMakeFiles/cmTC_15429.dir/CMakeCCompilerABI.c.obj  -o cmTC_15429 
Using built-in specs.
Reading specs from /home/fdsa/opt/gcc-arm-none-eabi-10-2020-q4-major/bin/../lib/gcc/arm-none-eabi/10.2.1/../../../../arm-none-eabi/lib/nosys.specs
rename spec link_gcc_c_sequence to nosys_link_gcc_c_sequence
COLLECT_GCC=/home/fdsa/opt/gcc-arm-none-eabi-10-2020-q4-major/bin/arm-none-eabi-gcc
COLLECT_LTO_WRAPPER=/home/fdsa/opt/gcc-arm-none-eabi-10-2020-q4-major/bin/../lib/gcc/arm-none-eabi/10.2.1/lto-wrapper
Target: arm-none-eabi
Configured with: /mnt/workspace/workspace/GCC-10-pipeline/jenkins-GCC-10-pipeline-48_20201124_1606180641/src/gcc/configure --target=arm-none-eabi --prefix=/mnt/workspace/workspace/GCC-10-pipeline/jenkins-GCC-10-pipeline-48_20201124_1606180641/install-native --libexecdir=/mnt/workspace/workspace/GCC-10-pipeline/jenkins-GCC-10-pipeline-48_20201124_1606180641/install-native/lib --infodir=/mnt/workspace/workspace/GCC-10-pipeline/jenkins-GCC-10-pipeline-48_20201124_1606180641/install-native/share/doc/gcc-arm-none-eabi/info --mandir=/mnt/workspace/workspace/GCC-10-pipeline/jenkins-GCC-10-pipeline-48_20201124_1606180641/install-native/share/doc/gcc-arm-none-eabi/man --htmldir=/mnt/workspace/workspace/GCC-10-pipeline/jenkins-GCC-10-pipeline-48_20201124_1606180641/install-native/share/doc/gcc-arm-none-eabi/html --pdfdir=/mnt/workspace/workspace/GCC-10-pipeline/jenkins-GCC-10-pipeline-48_20201124_1606180641/install-native/share/doc/gcc-arm-none-eabi/pdf --enable-languages=c,c++ --enable-plugins --disable-decimal-float --disable-libffi --disable-libgomp --disable-libmudflap --disable-libquadmath --disable-libssp --disable-libstdcxx-pch --disable-nls --disable-shared --disable-threads --disable-tls --with-gnu-as --with-gnu-ld --with-newlib --with-headers=yes --with-python-dir=share/gcc-arm-none-eabi --with-sysroot=/mnt/workspace/workspace/GCC-10-pipeline/jenkins-GCC-10-pipeline-48_20201124_1606180641/install-native/arm-none-eabi --build=x86_64-linux-gnu --host=x86_64-linux-gnu --with-gmp=/mnt/workspace/workspace/GCC-10-pipeline/jenkins-GCC-10-pipeline-48_20201124_1606180641/build-native/host-libs/usr --with-mpfr=/mnt/workspace/workspace/GCC-10-pipeline/jenkins-GCC-10-pipeline-48_20201124_1606180641/build-native/host-libs/usr --with-mpc=/mnt/workspace/workspace/GCC-10-pipeline/jenkins-GCC-10-pipeline-48_20201124_1606180641/build-native/host-libs/usr --with-isl=/mnt/workspace/workspace/GCC-10-pipeline/jenkins-GCC-10-pipeline-48_20201124_1606180641/build-native/host-libs/usr --with-libelf=/mnt/workspace/workspace/GCC-10-pipeline/jenkins-GCC-10-pipeline-48_20201124_1606180641/build-native/host-libs/usr --with-host-libstdcxx='-static-libgcc -Wl,-Bstatic,-lstdc++,-Bdynamic -lm' --with-pkgversion='GNU Arm Embedded Toolchain 10-2020-q4-major' --with-multilib-list=rmprofile,aprofile
Thread model: single
Supported LTO compression algorithms: zlib
gcc version 10.2.1 20201103 (release) (GNU Arm Embedded Toolchain 10-2020-q4-major) 
COMPILER_PATH=/home/fdsa/opt/gcc-arm-none-eabi-10-2020-q4-major/bin/../lib/gcc/arm-none-eabi/10.2.1/:/home/fdsa/opt/gcc-arm-none-eabi-10-2020-q4-major/bin/../lib/gcc/:/home/fdsa/opt/gcc-arm-none-eabi-10-2020-q4-major/bin/../lib/gcc/arm-none-eabi/10.2.1/../../../../arm-none-eabi/bin/
LIBRARY_PATH=/home/fdsa/opt/gcc-arm-none-eabi-10-2020-q4-major/bin/../lib/gcc/arm-none-eabi/10.2.1/:/home/fdsa/opt/gcc-arm-none-eabi-10-2020-q4-major/bin/../lib/gcc/:/home/fdsa/opt/gcc-arm-none-eabi-10-2020-q4-major/bin/../lib/gcc/arm-none-eabi/10.2.1/../../../../arm-none-eabi/lib/:/home/fdsa/opt/gcc-arm-none-eabi-10-2020-q4-major/bin/../arm-none-eabi/lib/
COLLECT_GCC_OPTIONS='-specs=nosys.specs' '-v' '-o' 'cmTC_15429' '-mcpu=arm7tdmi' '-mfloat-abi=soft' '-marm' '-march=armv4t'
 /home/fdsa/opt/gcc-arm-none-eabi-10-2020-q4-major/bin/../lib/gcc/arm-none-eabi/10.2.1/collect2 -plugin /home/fdsa/opt/gcc-arm-none-eabi-10-2020-q4-major/bin/../lib/gcc/arm-none-eabi/10.2.1/liblto_plugin.so -plugin-opt=/home/fdsa/opt/gcc-arm-none-eabi-10-2020-q4-major/bin/../lib/gcc/arm-none-eabi/10.2.1/lto-wrapper -plugin-opt=-fresolution=/tmp/cc7wjL9B.res -plugin-opt=-pass-through=-lgcc -plugin-opt=-pass-through=-lc -plugin-opt=-pass-through=-lgcc -plugin-opt=-pass-through=-lc -plugin-opt=-pass-through=-lnosys --sysroot=/home/fdsa/opt/gcc-arm-none-eabi-10-2020-q4-major/bin/../arm-none-eabi -X -o cmTC_15429 /home/fdsa/opt/gcc-arm-none-eabi-10-2020-q4-major/bin/../lib/gcc/arm-none-eabi/10.2.1/crti.o /home/fdsa/opt/gcc-arm-none-eabi-10-2020-q4-major/bin/../lib/gcc/arm-none-eabi/10.2.1/crtbegin.o /home/fdsa/opt/gcc-arm-none-eabi-10-2020-q4-major/bin/../lib/gcc/arm-none-eabi/10.2.1/../../../../arm-none-eabi/lib/crt0.o -L/home/fdsa/opt/gcc-arm-none-eabi-10-2020-q4-major/bin/../lib/gcc/arm-none-eabi/10.2.1 -L/home/fdsa/opt/gcc-arm-none-eabi-10-2020-q4-major/bin/../lib/gcc -L/home/fdsa/opt/gcc-arm-none-eabi-10-2020-q4-major/bin/../lib/gcc/arm-none-eabi/10.2.1/../../../../arm-none-eabi/lib -L/home/fdsa/opt/gcc-arm-none-eabi-10-2020-q4-major/bin/../arm-none-eabi/lib CMakeFiles/cmTC_15429.dir/CMakeCCompilerABI.c.obj --start-group -lgcc -lc --end-group --start-group -lgcc -lc -lnosys --end-group /home/fdsa/opt/gcc-arm-none-eabi-10-2020-q4-major/bin/../lib/gcc/arm-none-eabi/10.2.1/crtend.o /home/fdsa/opt/gcc-arm-none-eabi-10-2020-q4-major/bin/../lib/gcc/arm-none-eabi/10.2.1/crtn.o
COLLECT_GCC_OPTIONS='-specs=nosys.specs' '-v' '-o' 'cmTC_15429' '-mcpu=arm7tdmi' '-mfloat-abi=soft' '-marm' '-march=armv4t'
make[1]: Leaving directory '/home/fdsa/freertos-colibri-imx7/examples/imx7_colibri_m4/driver_examples/gpio_bank2_imx/armgcc/release/CMakeFiles/CMakeTmp'


Parsed C implicit link information from above output:
  link line regex: [^( *|.*[/\])(arm-none-eabi-ld|CMAKE_LINK_STARTFILE-NOTFOUND|([^/\]+-)?ld|collect2)[^/\]*( |$)]
  ignore line: [Change Dir: /home/fdsa/freertos-colibri-imx7/examples/imx7_colibri_m4/driver_examples/gpio_bank2_imx/armgcc/release/CMakeFiles/CMakeTmp]
  ignore line: []
  ignore line: [Run Build Command:"/usr/bin/make" "cmTC_15429/fast"]
  ignore line: [/usr/bin/make -f CMakeFiles/cmTC_15429.dir/build.make CMakeFiles/cmTC_15429.dir/build]
  ignore line: [make[1]: Entering directory '/home/fdsa/freertos-colibri-imx7/examples/imx7_colibri_m4/driver_examples/gpio_bank2_imx/armgcc/release/CMakeFiles/CMakeTmp']
  ignore line: [Building C object CMakeFiles/cmTC_15429.dir/CMakeCCompilerABI.c.obj]
  ignore line: [/home/fdsa/opt/gcc-arm-none-eabi-10-2020-q4-major/bin/arm-none-eabi-gcc   --specs=nosys.specs    -o CMakeFiles/cmTC_15429.dir/CMakeCCompilerABI.c.obj   -c /usr/share/cmake-3.10/Modules/CMakeCCompilerABI.c]
  ignore line: [Linking C executable cmTC_15429]
  ignore line: [/usr/bin/cmake -E cmake_link_script CMakeFiles/cmTC_15429.dir/link.txt --verbose=1]
  ignore line: [/home/fdsa/opt/gcc-arm-none-eabi-10-2020-q4-major/bin/arm-none-eabi-gcc --specs=nosys.specs    -v CMakeFiles/cmTC_15429.dir/CMakeCCompilerABI.c.obj  -o cmTC_15429 ]
  ignore line: [Using built-in specs.]
  ignore line: [Reading specs from /home/fdsa/opt/gcc-arm-none-eabi-10-2020-q4-major/bin/../lib/gcc/arm-none-eabi/10.2.1/../../../../arm-none-eabi/lib/nosys.specs]
  ignore line: [rename spec link_gcc_c_sequence to nosys_link_gcc_c_sequence]
  ignore line: [COLLECT_GCC=/home/fdsa/opt/gcc-arm-none-eabi-10-2020-q4-major/bin/arm-none-eabi-gcc]
  ignore line: [COLLECT_LTO_WRAPPER=/home/fdsa/opt/gcc-arm-none-eabi-10-2020-q4-major/bin/../lib/gcc/arm-none-eabi/10.2.1/lto-wrapper]
  ignore line: [Target: arm-none-eabi]
  ignore line: [Configured with: /mnt/workspace/workspace/GCC-10-pipeline/jenkins-GCC-10-pipeline-48_20201124_1606180641/src/gcc/configure --target=arm-none-eabi --prefix=/mnt/workspace/workspace/GCC-10-pipeline/jenkins-GCC-10-pipeline-48_20201124_1606180641/install-native --libexecdir=/mnt/workspace/workspace/GCC-10-pipeline/jenkins-GCC-10-pipeline-48_20201124_1606180641/install-native/lib --infodir=/mnt/workspace/workspace/GCC-10-pipeline/jenkins-GCC-10-pipeline-48_20201124_1606180641/install-native/share/doc/gcc-arm-none-eabi/info --mandir=/mnt/workspace/workspace/GCC-10-pipeline/jenkins-GCC-10-pipeline-48_20201124_1606180641/install-native/share/doc/gcc-arm-none-eabi/man --htmldir=/mnt/workspace/workspace/GCC-10-pipeline/jenkins-GCC-10-pipeline-48_20201124_1606180641/install-native/share/doc/gcc-arm-none-eabi/html --pdfdir=/mnt/workspace/workspace/GCC-10-pipeline/jenkins-GCC-10-pipeline-48_20201124_1606180641/install-native/share/doc/gcc-arm-none-eabi/pdf --enable-languages=c,c++ --enable-plugins --disable-decimal-float --disable-libffi --disable-libgomp --disable-libmudflap --disable-libquadmath --disable-libssp --disable-libstdcxx-pch --disable-nls --disable-shared --disable-threads --disable-tls --with-gnu-as --with-gnu-ld --with-newlib --with-headers=yes --with-python-dir=share/gcc-arm-none-eabi --with-sysroot=/mnt/workspace/workspace/GCC-10-pipeline/jenkins-GCC-10-pipeline-48_20201124_1606180641/install-native/arm-none-eabi --build=x86_64-linux-gnu --host=x86_64-linux-gnu --with-gmp=/mnt/workspace/workspace/GCC-10-pipeline/jenkins-GCC-10-pipeline-48_20201124_1606180641/build-native/host-libs/usr --with-mpfr=/mnt/workspace/workspace/GCC-10-pipeline/jenkins-GCC-10-pipeline-48_20201124_1606180641/build-native/host-libs/usr --with-mpc=/mnt/workspace/workspace/GCC-10-pipeline/jenkins-GCC-10-pipeline-48_20201124_1606180641/build-native/host-libs/usr --with-isl=/mnt/workspace/workspace/GCC-10-pipeline/jenkins-GCC-10-pipeline-48_20201124_1606180641/build-native/host-libs/usr --with-libelf=/mnt/workspace/workspace/GCC-10-pipeline/jenkins-GCC-10-pipeline-48_20201124_1606180641/build-native/host-libs/usr --with-host-libstdcxx='-static-libgcc -Wl,-Bstatic,-lstdc++,-Bdynamic -lm' --with-pkgversion='GNU Arm Embedded Toolchain 10-2020-q4-major' --with-multilib-list=rmprofile,aprofile]
  ignore line: [Thread model: single]
  ignore line: [Supported LTO compression algorithms: zlib]
  ignore line: [gcc version 10.2.1 20201103 (release) (GNU Arm Embedded Toolchain 10-2020-q4-major) ]
  ignore line: [COMPILER_PATH=/home/fdsa/opt/gcc-arm-none-eabi-10-2020-q4-major/bin/../lib/gcc/arm-none-eabi/10.2.1/:/home/fdsa/opt/gcc-arm-none-eabi-10-2020-q4-major/bin/../lib/gcc/:/home/fdsa/opt/gcc-arm-none-eabi-10-2020-q4-major/bin/../lib/gcc/arm-none-eabi/10.2.1/../../../../arm-none-eabi/bin/]
  ignore line: [LIBRARY_PATH=/home/fdsa/opt/gcc-arm-none-eabi-10-2020-q4-major/bin/../lib/gcc/arm-none-eabi/10.2.1/:/home/fdsa/opt/gcc-arm-none-eabi-10-2020-q4-major/bin/../lib/gcc/:/home/fdsa/opt/gcc-arm-none-eabi-10-2020-q4-major/bin/../lib/gcc/arm-none-eabi/10.2.1/../../../../arm-none-eabi/lib/:/home/fdsa/opt/gcc-arm-none-eabi-10-2020-q4-major/bin/../arm-none-eabi/lib/]
  ignore line: [COLLECT_GCC_OPTIONS='-specs=nosys.specs' '-v' '-o' 'cmTC_15429' '-mcpu=arm7tdmi' '-mfloat-abi=soft' '-marm' '-march=armv4t']
  link line: [ /home/fdsa/opt/gcc-arm-none-eabi-10-2020-q4-major/bin/../lib/gcc/arm-none-eabi/10.2.1/collect2 -plugin /home/fdsa/opt/gcc-arm-none-eabi-10-2020-q4-major/bin/../lib/gcc/arm-none-eabi/10.2.1/liblto_plugin.so -plugin-opt=/home/fdsa/opt/gcc-arm-none-eabi-10-2020-q4-major/bin/../lib/gcc/arm-none-eabi/10.2.1/lto-wrapper -plugin-opt=-fresolution=/tmp/cc7wjL9B.res -plugin-opt=-pass-through=-lgcc -plugin-opt=-pass-through=-lc -plugin-opt=-pass-through=-lgcc -plugin-opt=-pass-through=-lc -plugin-opt=-pass-through=-lnosys --sysroot=/home/fdsa/opt/gcc-arm-none-eabi-10-2020-q4-major/bin/../arm-none-eabi -X -o cmTC_15429 /home/fdsa/opt/gcc-arm-none-eabi-10-2020-q4-major/bin/../lib/gcc/arm-none-eabi/10.2.1/crti.o /home/fdsa/opt/gcc-arm-none-eabi-10-2020-q4-major/bin/../lib/gcc/arm-none-eabi/10.2.1/crtbegin.o /home/fdsa/opt/gcc-arm-none-eabi-10-2020-q4-major/bin/../lib/gcc/arm-none-eabi/10.2.1/../../../../arm-none-eabi/lib/crt0.o -L/home/fdsa/opt/gcc-arm-none-eabi-10-2020-q4-major/bin/../lib/gcc/arm-none-eabi/10.2.1 -L/home/fdsa/opt/gcc-arm-none-eabi-10-2020-q4-major/bin/../lib/gcc -L/home/fdsa/opt/gcc-arm-none-eabi-10-2020-q4-major/bin/../lib/gcc/arm-none-eabi/10.2.1/../../../../arm-none-eabi/lib -L/home/fdsa/opt/gcc-arm-none-eabi-10-2020-q4-major/bin/../arm-none-eabi/lib CMakeFiles/cmTC_15429.dir/CMakeCCompilerABI.c.obj --start-group -lgcc -lc --end-group --start-group -lgcc -lc -lnosys --end-group /home/fdsa/opt/gcc-arm-none-eabi-10-2020-q4-major/bin/../lib/gcc/arm-none-eabi/10.2.1/crtend.o /home/fdsa/opt/gcc-arm-none-eabi-10-2020-q4-major/bin/../lib/gcc/arm-none-eabi/10.2.1/crtn.o]
    arg [/home/fdsa/opt/gcc-arm-none-eabi-10-2020-q4-major/bin/../lib/gcc/arm-none-eabi/10.2.1/collect2] ==> ignore
    arg [-plugin] ==> ignore
    arg [/home/fdsa/opt/gcc-arm-none-eabi-10-2020-q4-major/bin/../lib/gcc/arm-none-eabi/10.2.1/liblto_plugin.so] ==> ignore
    arg [-plugin-opt=/home/fdsa/opt/gcc-arm-none-eabi-10-2020-q4-major/bin/../lib/gcc/arm-none-eabi/10.2.1/lto-wrapper] ==> ignore
    arg [-plugin-opt=-fresolution=/tmp/cc7wjL9B.res] ==> ignore
    arg [-plugin-opt=-pass-through=-lgcc] ==> ignore
    arg [-plugin-opt=-pass-through=-lc] ==> ignore
    arg [-plugin-opt=-pass-through=-lgcc] ==> ignore
    arg [-plugin-opt=-pass-through=-lc] ==> ignore
    arg [-plugin-opt=-pass-through=-lnosys] ==> ignore
    arg [--sysroot=/home/fdsa/opt/gcc-arm-none-eabi-10-2020-q4-major/bin/../arm-none-eabi] ==> ignore
    arg [-X] ==> ignore
    arg [-o] ==> ignore
    arg [cmTC_15429] ==> ignore
    arg [/home/fdsa/opt/gcc-arm-none-eabi-10-2020-q4-major/bin/../lib/gcc/arm-none-eabi/10.2.1/crti.o] ==> ignore
    arg [/home/fdsa/opt/gcc-arm-none-eabi-10-2020-q4-major/bin/../lib/gcc/arm-none-eabi/10.2.1/crtbegin.o] ==> ignore
    arg [/home/fdsa/opt/gcc-arm-none-eabi-10-2020-q4-major/bin/../lib/gcc/arm-none-eabi/10.2.1/../../../../arm-none-eabi/lib/crt0.o] ==> ignore
    arg [-L/home/fdsa/opt/gcc-arm-none-eabi-10-2020-q4-major/bin/../lib/gcc/arm-none-eabi/10.2.1] ==> dir [/home/fdsa/opt/gcc-arm-none-eabi-10-2020-q4-major/bin/../lib/gcc/arm-none-eabi/10.2.1]
    arg [-L/home/fdsa/opt/gcc-arm-none-eabi-10-2020-q4-major/bin/../lib/gcc] ==> dir [/home/fdsa/opt/gcc-arm-none-eabi-10-2020-q4-major/bin/../lib/gcc]
    arg [-L/home/fdsa/opt/gcc-arm-none-eabi-10-2020-q4-major/bin/../lib/gcc/arm-none-eabi/10.2.1/../../../../arm-none-eabi/lib] ==> dir [/home/fdsa/opt/gcc-arm-none-eabi-10-2020-q4-major/bin/../lib/gcc/arm-none-eabi/10.2.1/../../../../arm-none-eabi/lib]
    arg [-L/home/fdsa/opt/gcc-arm-none-eabi-10-2020-q4-major/bin/../arm-none-eabi/lib] ==> dir [/home/fdsa/opt/gcc-arm-none-eabi-10-2020-q4-major/bin/../arm-none-eabi/lib]
    arg [CMakeFiles/cmTC_15429.dir/CMakeCCompilerABI.c.obj] ==> ignore
    arg [--start-group] ==> ignore
    arg [-lgcc] ==> lib [gcc]
    arg [-lc] ==> lib [c]
    arg [--end-group] ==> ignore
    arg [--start-group] ==> ignore
    arg [-lgcc] ==> lib [gcc]
    arg [-lc] ==> lib [c]
    arg [-lnosys] ==> lib [nosys]
    arg [--end-group] ==> ignore
    arg [/home/fdsa/opt/gcc-arm-none-eabi-10-2020-q4-major/bin/../lib/gcc/arm-none-eabi/10.2.1/crtend.o] ==> ignore
    arg [/home/fdsa/opt/gcc-arm-none-eabi-10-2020-q4-major/bin/../lib/gcc/arm-none-eabi/10.2.1/crtn.o] ==> ignore
  collapse library dir [/home/fdsa/opt/gcc-arm-none-eabi-10-2020-q4-major/bin/../lib/gcc/arm-none-eabi/10.2.1] ==> [/home/fdsa/opt/gcc-arm-none-eabi-10-2020-q4-major/lib/gcc/arm-none-eabi/10.2.1]
  collapse library dir [/home/fdsa/opt/gcc-arm-none-eabi-10-2020-q4-major/bin/../lib/gcc] ==> [/home/fdsa/opt/gcc-arm-none-eabi-10-2020-q4-major/lib/gcc]
  collapse library dir [/home/fdsa/opt/gcc-arm-none-eabi-10-2020-q4-major/bin/../lib/gcc/arm-none-eabi/10.2.1/../../../../arm-none-eabi/lib] ==> [/home/fdsa/opt/gcc-arm-none-eabi-10-2020-q4-major/arm-none-eabi/lib]
  collapse library dir [/home/fdsa/opt/gcc-arm-none-eabi-10-2020-q4-major/bin/../arm-none-eabi/lib] ==> [/home/fdsa/opt/gcc-arm-none-eabi-10-2020-q4-major/arm-none-eabi/lib]
  implicit libs: [gcc;c;gcc;c;nosys]
  implicit dirs: [/home/fdsa/opt/gcc-arm-none-eabi-10-2020-q4-major/lib/gcc/arm-none-eabi/10.2.1;/home/fdsa/opt/gcc-arm-none-eabi-10-2020-q4-major/lib/gcc;/home/fdsa/opt/gcc-arm-none-eabi-10-2020-q4-major/arm-none-eabi/lib]
  implicit fwks: []




Detecting C [-std=c11] compiler features compiled with the following output:
Change Dir: /home/fdsa/freertos-colibri-imx7/examples/imx7_colibri_m4/driver_examples/gpio_bank2_imx/armgcc/release/CMakeFiles/CMakeTmp

Run Build Command:"/usr/bin/make" "cmTC_61410/fast"
/usr/bin/make -f CMakeFiles/cmTC_61410.dir/build.make CMakeFiles/cmTC_61410.dir/build
make[1]: Entering directory '/home/fdsa/freertos-colibri-imx7/examples/imx7_colibri_m4/driver_examples/gpio_bank2_imx/armgcc/release/CMakeFiles/CMakeTmp'
Building C object CMakeFiles/cmTC_61410.dir/feature_tests.c.obj
/home/fdsa/opt/gcc-arm-none-eabi-10-2020-q4-major/bin/arm-none-eabi-gcc   --specs=nosys.specs    -std=c11 -o CMakeFiles/cmTC_61410.dir/feature_tests.c.obj   -c /home/fdsa/freertos-colibri-imx7/examples/imx7_colibri_m4/driver_examples/gpio_bank2_imx/armgcc/release/CMakeFiles/feature_tests.c
Linking C executable cmTC_61410
/usr/bin/cmake -E cmake_link_script CMakeFiles/cmTC_61410.dir/link.txt --verbose=1
/home/fdsa/opt/gcc-arm-none-eabi-10-2020-q4-major/bin/arm-none-eabi-gcc --specs=nosys.specs     CMakeFiles/cmTC_61410.dir/feature_tests.c.obj  -o cmTC_61410 
make[1]: Leaving directory '/home/fdsa/freertos-colibri-imx7/examples/imx7_colibri_m4/driver_examples/gpio_bank2_imx/armgcc/release/CMakeFiles/CMakeTmp'


    Feature record: C_FEATURE:1c_function_prototypes
    Feature record: C_FEATURE:1c_restrict
    Feature record: C_FEATURE:1c_static_assert
    Feature record: C_FEATURE:1c_variadic_macros


Detecting C [-std=c99] compiler features compiled with the following output:
Change Dir: /home/fdsa/freertos-colibri-imx7/examples/imx7_colibri_m4/driver_examples/gpio_bank2_imx/armgcc/release/CMakeFiles/CMakeTmp

Run Build Command:"/usr/bin/make" "cmTC_12dfd/fast"
/usr/bin/make -f CMakeFiles/cmTC_12dfd.dir/build.make CMakeFiles/cmTC_12dfd.dir/build
make[1]: Entering directory '/home/fdsa/freertos-colibri-imx7/examples/imx7_colibri_m4/driver_examples/gpio_bank2_imx/armgcc/release/CMakeFiles/CMakeTmp'
Building C object CMakeFiles/cmTC_12dfd.dir/feature_tests.c.obj
/home/fdsa/opt/gcc-arm-none-eabi-10-2020-q4-major/bin/arm-none-eabi-gcc   --specs=nosys.specs    -std=c99 -o CMakeFiles/cmTC_12dfd.dir/feature_tests.c.obj   -c /home/fdsa/freertos-colibri-imx7/examples/imx7_colibri_m4/driver_examples/gpio_bank2_imx/armgcc/release/CMakeFiles/feature_tests.c
Linking C executable cmTC_12dfd
/usr/bin/cmake -E cmake_link_script CMakeFiles/cmTC_12dfd.dir/link.txt --verbose=1
/home/fdsa/opt/gcc-arm-none-eabi-10-2020-q4-major/bin/arm-none-eabi-gcc --specs=nosys.specs     CMakeFiles/cmTC_12dfd.dir/feature_tests.c.obj  -o cmTC_12dfd 
make[1]: Leaving directory '/home/fdsa/freertos-colibri-imx7/examples/imx7_colibri_m4/driver_examples/gpio_bank2_imx/armgcc/release/CMakeFiles/CMakeTmp'


    Feature record: C_FEATURE:1c_function_prototypes
    Feature record: C_FEATURE:1c_restrict
    Feature record: C_FEATURE:0c_static_assert
    Feature record: C_FEATURE:1c_variadic_macros


Detecting C [-std=c90] compiler features compiled with the following output:
Change Dir: /home/fdsa/freertos-colibri-imx7/examples/imx7_colibri_m4/driver_examples/gpio_bank2_imx/armgcc/release/CMakeFiles/CMakeTmp

Run Build Command:"/usr/bin/make" "cmTC_b773c/fast"
/usr/bin/make -f CMakeFiles/cmTC_b773c.dir/build.make CMakeFiles/cmTC_b773c.dir/build
make[1]: Entering directory '/home/fdsa/freertos-colibri-imx7/examples/imx7_colibri_m4/driver_examples/gpio_bank2_imx/armgcc/release/CMakeFiles/CMakeTmp'
Building C object CMakeFiles/cmTC_b773c.dir/feature_tests.c.obj
/home/fdsa/opt/gcc-arm-none-eabi-10-2020-q4-major/bin/arm-none-eabi-gcc   --specs=nosys.specs    -std=c90 -o CMakeFiles/cmTC_b773c.dir/feature_tests.c.obj   -c /home/fdsa/freertos-colibri-imx7/examples/imx7_colibri_m4/driver_examples/gpio_bank2_imx/armgcc/release/CMakeFiles/feature_tests.c
Linking C executable cmTC_b773c
/usr/bin/cmake -E cmake_link_script CMakeFiles/cmTC_b773c.dir/link.txt --verbose=1
/home/fdsa/opt/gcc-arm-none-eabi-10-2020-q4-major/bin/arm-none-eabi-gcc --specs=nosys.specs     CMakeFiles/cmTC_b773c.dir/feature_tests.c.obj  -o cmTC_b773c 
make[1]: Leaving directory '/home/fdsa/freertos-colibri-imx7/examples/imx7_colibri_m4/driver_examples/gpio_bank2_imx/armgcc/release/CMakeFiles/CMakeTmp'


    Feature record: C_FEATURE:1c_function_prototypes
    Feature record: C_FEATURE:0c_restrict
    Feature record: C_FEATURE:0c_static_assert
    Feature record: C_FEATURE:0c_variadic_macros
Determining if the CXX compiler works passed with the following output:
Change Dir: /home/fdsa/freertos-colibri-imx7/examples/imx7_colibri_m4/driver_examples/gpio_bank2_imx/armgcc/release/CMakeFiles/CMakeTmp

Run Build Command:"/usr/bin/make" "cmTC_bdcf0/fast"
/usr/bin/make -f CMakeFiles/cmTC_bdcf0.dir/build.make CMakeFiles/cmTC_bdcf0.dir/build
make[1]: Entering directory '/home/fdsa/freertos-colibri-imx7/examples/imx7_colibri_m4/driver_examples/gpio_bank2_imx/armgcc/release/CMakeFiles/CMakeTmp'
Building CXX object CMakeFiles/cmTC_bdcf0.dir/testCXXCompiler.cxx.obj
/home/fdsa/opt/gcc-arm-none-eabi-10-2020-q4-major/bin/arm-none-eabi-g++    --specs=nosys.specs    -o CMakeFiles/cmTC_bdcf0.dir/testCXXCompiler.cxx.obj -c /home/fdsa/freertos-colibri-imx7/examples/imx7_colibri_m4/driver_examples/gpio_bank2_imx/armgcc/release/CMakeFiles/CMakeTmp/testCXXCompiler.cxx
Linking CXX executable cmTC_bdcf0
/usr/bin/cmake -E cmake_link_script CMakeFiles/cmTC_bdcf0.dir/link.txt --verbose=1
/home/fdsa/opt/gcc-arm-none-eabi-10-2020-q4-major/bin/arm-none-eabi-g++  --specs=nosys.specs     CMakeFiles/cmTC_bdcf0.dir/testCXXCompiler.cxx.obj  -o cmTC_bdcf0 
make[1]: Leaving directory '/home/fdsa/freertos-colibri-imx7/examples/imx7_colibri_m4/driver_examples/gpio_bank2_imx/armgcc/release/CMakeFiles/CMakeTmp'


Detecting CXX compiler ABI info compiled with the following output:
Change Dir: /home/fdsa/freertos-colibri-imx7/examples/imx7_colibri_m4/driver_examples/gpio_bank2_imx/armgcc/release/CMakeFiles/CMakeTmp

Run Build Command:"/usr/bin/make" "cmTC_47303/fast"
/usr/bin/make -f CMakeFiles/cmTC_47303.dir/build.make CMakeFiles/cmTC_47303.dir/build
make[1]: Entering directory '/home/fdsa/freertos-colibri-imx7/examples/imx7_colibri_m4/driver_examples/gpio_bank2_imx/armgcc/release/CMakeFiles/CMakeTmp'
Building CXX object CMakeFiles/cmTC_47303.dir/CMakeCXXCompilerABI.cpp.obj
/home/fdsa/opt/gcc-arm-none-eabi-10-2020-q4-major/bin/arm-none-eabi-g++    --specs=nosys.specs    -o CMakeFiles/cmTC_47303.dir/CMakeCXXCompilerABI.cpp.obj -c /usr/share/cmake-3.10/Modules/CMakeCXXCompilerABI.cpp
Linking CXX executable cmTC_47303
/usr/bin/cmake -E cmake_link_script CMakeFiles/cmTC_47303.dir/link.txt --verbose=1
/home/fdsa/opt/gcc-arm-none-eabi-10-2020-q4-major/bin/arm-none-eabi-g++  --specs=nosys.specs    -v CMakeFiles/cmTC_47303.dir/CMakeCXXCompilerABI.cpp.obj  -o cmTC_47303 
Using built-in specs.
Reading specs from /home/fdsa/opt/gcc-arm-none-eabi-10-2020-q4-major/bin/../lib/gcc/arm-none-eabi/10.2.1/../../../../arm-none-eabi/lib/nosys.specs
rename spec link_gcc_c_sequence to nosys_link_gcc_c_sequence
COLLECT_GCC=/home/fdsa/opt/gcc-arm-none-eabi-10-2020-q4-major/bin/arm-none-eabi-g++
COLLECT_LTO_WRAPPER=/home/fdsa/opt/gcc-arm-none-eabi-10-2020-q4-major/bin/../lib/gcc/arm-none-eabi/10.2.1/lto-wrapper
Target: arm-none-eabi
Configured with: /mnt/workspace/workspace/GCC-10-pipeline/jenkins-GCC-10-pipeline-48_20201124_1606180641/src/gcc/configure --target=arm-none-eabi --prefix=/mnt/workspace/workspace/GCC-10-pipeline/jenkins-GCC-10-pipeline-48_20201124_1606180641/install-native --libexecdir=/mnt/workspace/workspace/GCC-10-pipeline/jenkins-GCC-10-pipeline-48_20201124_1606180641/install-native/lib --infodir=/mnt/workspace/workspace/GCC-10-pipeline/jenkins-GCC-10-pipeline-48_20201124_1606180641/install-native/share/doc/gcc-arm-none-eabi/info --mandir=/mnt/workspace/workspace/GCC-10-pipeline/jenkins-GCC-10-pipeline-48_20201124_1606180641/install-native/share/doc/gcc-arm-none-eabi/man --htmldir=/mnt/workspace/workspace/GCC-10-pipeline/jenkins-GCC-10-pipeline-48_20201124_1606180641/install-native/share/doc/gcc-arm-none-eabi/html --pdfdir=/mnt/workspace/workspace/GCC-10-pipeline/jenkins-GCC-10-pipeline-48_20201124_1606180641/install-native/share/doc/gcc-arm-none-eabi/pdf --enable-languages=c,c++ --enable-plugins --disable-decimal-float --disable-libffi --disable-libgomp --disable-libmudflap --disable-libquadmath --disable-libssp --disable-libstdcxx-pch --disable-nls --disable-shared --disable-threads --disable-tls --with-gnu-as --with-gnu-ld --with-newlib --with-headers=yes --with-python-dir=share/gcc-arm-none-eabi --with-sysroot=/mnt/workspace/workspace/GCC-10-pipeline/jenkins-GCC-10-pipeline-48_20201124_1606180641/install-native/arm-none-eabi --build=x86_64-linux-gnu --host=x86_64-linux-gnu --with-gmp=/mnt/workspace/workspace/GCC-10-pipeline/jenkins-GCC-10-pipeline-48_20201124_1606180641/build-native/host-libs/usr --with-mpfr=/mnt/workspace/workspace/GCC-10-pipeline/jenkins-GCC-10-pipeline-48_20201124_1606180641/build-native/host-libs/usr --with-mpc=/mnt/workspace/workspace/GCC-10-pipeline/jenkins-GCC-10-pipeline-48_20201124_1606180641/build-native/host-libs/usr --with-isl=/mnt/workspace/workspace/GCC-10-pipeline/jenkins-GCC-10-pipeline-48_20201124_1606180641/build-native/host-libs/usr --with-libelf=/mnt/workspace/workspace/GCC-10-pipeline/jenkins-GCC-10-pipeline-48_20201124_1606180641/build-native/host-libs/usr --with-host-libstdcxx='-static-libgcc -Wl,-Bstatic,-lstdc++,-Bdynamic -lm' --with-pkgversion='GNU Arm Embedded Toolchain 10-2020-q4-major' --with-multilib-list=rmprofile,aprofile
Thread model: single
Supported LTO compression algorithms: zlib
gcc version 10.2.1 20201103 (release) (GNU Arm Embedded Toolchain 10-2020-q4-major) 
COMPILER_PATH=/home/fdsa/opt/gcc-arm-none-eabi-10-2020-q4-major/bin/../lib/gcc/arm-none-eabi/10.2.1/:/home/fdsa/opt/gcc-arm-none-eabi-10-2020-q4-major/bin/../lib/gcc/:/home/fdsa/opt/gcc-arm-none-eabi-10-2020-q4-major/bin/../lib/gcc/arm-none-eabi/10.2.1/../../../../arm-none-eabi/bin/
LIBRARY_PATH=/home/fdsa/opt/gcc-arm-none-eabi-10-2020-q4-major/bin/../lib/gcc/arm-none-eabi/10.2.1/:/home/fdsa/opt/gcc-arm-none-eabi-10-2020-q4-major/bin/../lib/gcc/:/home/fdsa/opt/gcc-arm-none-eabi-10-2020-q4-major/bin/../lib/gcc/arm-none-eabi/10.2.1/../../../../arm-none-eabi/lib/:/home/fdsa/opt/gcc-arm-none-eabi-10-2020-q4-major/bin/../arm-none-eabi/lib/
COLLECT_GCC_OPTIONS='-specs=nosys.specs' '-v' '-o' 'cmTC_47303' '-mcpu=arm7tdmi' '-mfloat-abi=soft' '-marm' '-march=armv4t'
 /home/fdsa/opt/gcc-arm-none-eabi-10-2020-q4-major/bin/../lib/gcc/arm-none-eabi/10.2.1/collect2 -plugin /home/fdsa/opt/gcc-arm-none-eabi-10-2020-q4-major/bin/../lib/gcc/arm-none-eabi/10.2.1/liblto_plugin.so -plugin-opt=/home/fdsa/opt/gcc-arm-none-eabi-10-2020-q4-major/bin/../lib/gcc/arm-none-eabi/10.2.1/lto-wrapper -plugin-opt=-fresolution=/tmp/ccLE5BlU.res -plugin-opt=-pass-through=-lgcc -plugin-opt=-pass-through=-lc -plugin-opt=-pass-through=-lgcc -plugin-opt=-pass-through=-lc -plugin-opt=-pass-through=-lnosys --sysroot=/home/fdsa/opt/gcc-arm-none-eabi-10-2020-q4-major/bin/../arm-none-eabi -X -o cmTC_47303 /home/fdsa/opt/gcc-arm-none-eabi-10-2020-q4-major/bin/../lib/gcc/arm-none-eabi/10.2.1/crti.o /home/fdsa/opt/gcc-arm-none-eabi-10-2020-q4-major/bin/../lib/gcc/arm-none-eabi/10.2.1/crtbegin.o /home/fdsa/opt/gcc-arm-none-eabi-10-2020-q4-major/bin/../lib/gcc/arm-none-eabi/10.2.1/../../../../arm-none-eabi/lib/crt0.o -L/home/fdsa/opt/gcc-arm-none-eabi-10-2020-q4-major/bin/../lib/gcc/arm-none-eabi/10.2.1 -L/home/fdsa/opt/gcc-arm-none-eabi-10-2020-q4-major/bin/../lib/gcc -L/home/fdsa/opt/gcc-arm-none-eabi-10-2020-q4-major/bin/../lib/gcc/arm-none-eabi/10.2.1/../../../../arm-none-eabi/lib -L/home/fdsa/opt/gcc-arm-none-eabi-10-2020-q4-major/bin/../arm-none-eabi/lib CMakeFiles/cmTC_47303.dir/CMakeCXXCompilerABI.cpp.obj -lstdc++ -lm --start-group -lgcc -lc --end-group --start-group -lgcc -lc -lnosys --end-group /home/fdsa/opt/gcc-arm-none-eabi-10-2020-q4-major/bin/../lib/gcc/arm-none-eabi/10.2.1/crtend.o /home/fdsa/opt/gcc-arm-none-eabi-10-2020-q4-major/bin/../lib/gcc/arm-none-eabi/10.2.1/crtn.o
COLLECT_GCC_OPTIONS='-specs=nosys.specs' '-v' '-o' 'cmTC_47303' '-mcpu=arm7tdmi' '-mfloat-abi=soft' '-marm' '-march=armv4t'
make[1]: Leaving directory '/home/fdsa/freertos-colibri-imx7/examples/imx7_colibri_m4/driver_examples/gpio_bank2_imx/armgcc/release/CMakeFiles/CMakeTmp'


Parsed CXX implicit link information from above output:
  link line regex: [^( *|.*[/\])(arm-none-eabi-ld|CMAKE_LINK_STARTFILE-NOTFOUND|([^/\]+-)?ld|collect2)[^/\]*( |$)]
  ignore line: [Change Dir: /home/fdsa/freertos-colibri-imx7/examples/imx7_colibri_m4/driver_examples/gpio_bank2_imx/armgcc/release/CMakeFiles/CMakeTmp]
  ignore line: []
  ignore line: [Run Build Command:"/usr/bin/make" "cmTC_47303/fast"]
  ignore line: [/usr/bin/make -f CMakeFiles/cmTC_47303.dir/build.make CMakeFiles/cmTC_47303.dir/build]
  ignore line: [make[1]: Entering directory '/home/fdsa/freertos-colibri-imx7/examples/imx7_colibri_m4/driver_examples/gpio_bank2_imx/armgcc/release/CMakeFiles/CMakeTmp']
  ignore line: [Building CXX object CMakeFiles/cmTC_47303.dir/CMakeCXXCompilerABI.cpp.obj]
  ignore line: [/home/fdsa/opt/gcc-arm-none-eabi-10-2020-q4-major/bin/arm-none-eabi-g++    --specs=nosys.specs    -o CMakeFiles/cmTC_47303.dir/CMakeCXXCompilerABI.cpp.obj -c /usr/share/cmake-3.10/Modules/CMakeCXXCompilerABI.cpp]
  ignore line: [Linking CXX executable cmTC_47303]
  ignore line: [/usr/bin/cmake -E cmake_link_script CMakeFiles/cmTC_47303.dir/link.txt --verbose=1]
  ignore line: [/home/fdsa/opt/gcc-arm-none-eabi-10-2020-q4-major/bin/arm-none-eabi-g++  --specs=nosys.specs    -v CMakeFiles/cmTC_47303.dir/CMakeCXXCompilerABI.cpp.obj  -o cmTC_47303 ]
  ignore line: [Using built-in specs.]
  ignore line: [Reading specs from /home/fdsa/opt/gcc-arm-none-eabi-10-2020-q4-major/bin/../lib/gcc/arm-none-eabi/10.2.1/../../../../arm-none-eabi/lib/nosys.specs]
  ignore line: [rename spec link_gcc_c_sequence to nosys_link_gcc_c_sequence]
  ignore line: [COLLECT_GCC=/home/fdsa/opt/gcc-arm-none-eabi-10-2020-q4-major/bin/arm-none-eabi-g++]
  ignore line: [COLLECT_LTO_WRAPPER=/home/fdsa/opt/gcc-arm-none-eabi-10-2020-q4-major/bin/../lib/gcc/arm-none-eabi/10.2.1/lto-wrapper]
  ignore line: [Target: arm-none-eabi]
  ignore line: [Configured with: /mnt/workspace/workspace/GCC-10-pipeline/jenkins-GCC-10-pipeline-48_20201124_1606180641/src/gcc/configure --target=arm-none-eabi --prefix=/mnt/workspace/workspace/GCC-10-pipeline/jenkins-GCC-10-pipeline-48_20201124_1606180641/install-native --libexecdir=/mnt/workspace/workspace/GCC-10-pipeline/jenkins-GCC-10-pipeline-48_20201124_1606180641/install-native/lib --infodir=/mnt/workspace/workspace/GCC-10-pipeline/jenkins-GCC-10-pipeline-48_20201124_1606180641/install-native/share/doc/gcc-arm-none-eabi/info --mandir=/mnt/workspace/workspace/GCC-10-pipeline/jenkins-GCC-10-pipeline-48_20201124_1606180641/install-native/share/doc/gcc-arm-none-eabi/man --htmldir=/mnt/workspace/workspace/GCC-10-pipeline/jenkins-GCC-10-pipeline-48_20201124_1606180641/install-native/share/doc/gcc-arm-none-eabi/html --pdfdir=/mnt/workspace/workspace/GCC-10-pipeline/jenkins-GCC-10-pipeline-48_20201124_1606180641/install-native/share/doc/gcc-arm-none-eabi/pdf --enable-languages=c,c++ --enable-plugins --disable-decimal-float --disable-libffi --disable-libgomp --disable-libmudflap --disable-libquadmath --disable-libssp --disable-libstdcxx-pch --disable-nls --disable-shared --disable-threads --disable-tls --with-gnu-as --with-gnu-ld --with-newlib --with-headers=yes --with-python-dir=share/gcc-arm-none-eabi --with-sysroot=/mnt/workspace/workspace/GCC-10-pipeline/jenkins-GCC-10-pipeline-48_20201124_1606180641/install-native/arm-none-eabi --build=x86_64-linux-gnu --host=x86_64-linux-gnu --with-gmp=/mnt/workspace/workspace/GCC-10-pipeline/jenkins-GCC-10-pipeline-48_20201124_1606180641/build-native/host-libs/usr --with-mpfr=/mnt/workspace/workspace/GCC-10-pipeline/jenkins-GCC-10-pipeline-48_20201124_1606180641/build-native/host-libs/usr --with-mpc=/mnt/workspace/workspace/GCC-10-pipeline/jenkins-GCC-10-pipeline-48_20201124_1606180641/build-native/host-libs/usr --with-isl=/mnt/workspace/workspace/GCC-10-pipeline/jenkins-GCC-10-pipeline-48_20201124_1606180641/build-native/host-libs/usr --with-libelf=/mnt/workspace/workspace/GCC-10-pipeline/jenkins-GCC-10-pipeline-48_20201124_1606180641/build-native/host-libs/usr --with-host-libstdcxx='-static-libgcc -Wl,-Bstatic,-lstdc++,-Bdynamic -lm' --with-pkgversion='GNU Arm Embedded Toolchain 10-2020-q4-major' --with-multilib-list=rmprofile,aprofile]
  ignore line: [Thread model: single]
  ignore line: [Supported LTO compression algorithms: zlib]
  ignore line: [gcc version 10.2.1 20201103 (release) (GNU Arm Embedded Toolchain 10-2020-q4-major) ]
  ignore line: [COMPILER_PATH=/home/fdsa/opt/gcc-arm-none-eabi-10-2020-q4-major/bin/../lib/gcc/arm-none-eabi/10.2.1/:/home/fdsa/opt/gcc-arm-none-eabi-10-2020-q4-major/bin/../lib/gcc/:/home/fdsa/opt/gcc-arm-none-eabi-10-2020-q4-major/bin/../lib/gcc/arm-none-eabi/10.2.1/../../../../arm-none-eabi/bin/]
  ignore line: [LIBRARY_PATH=/home/fdsa/opt/gcc-arm-none-eabi-10-2020-q4-major/bin/../lib/gcc/arm-none-eabi/10.2.1/:/home/fdsa/opt/gcc-arm-none-eabi-10-2020-q4-major/bin/../lib/gcc/:/home/fdsa/opt/gcc-arm-none-eabi-10-2020-q4-major/bin/../lib/gcc/arm-none-eabi/10.2.1/../../../../arm-none-eabi/lib/:/home/fdsa/opt/gcc-arm-none-eabi-10-2020-q4-major/bin/../arm-none-eabi/lib/]
  ignore line: [COLLECT_GCC_OPTIONS='-specs=nosys.specs' '-v' '-o' 'cmTC_47303' '-mcpu=arm7tdmi' '-mfloat-abi=soft' '-marm' '-march=armv4t']
  link line: [ /home/fdsa/opt/gcc-arm-none-eabi-10-2020-q4-major/bin/../lib/gcc/arm-none-eabi/10.2.1/collect2 -plugin /home/fdsa/opt/gcc-arm-none-eabi-10-2020-q4-major/bin/../lib/gcc/arm-none-eabi/10.2.1/liblto_plugin.so -plugin-opt=/home/fdsa/opt/gcc-arm-none-eabi-10-2020-q4-major/bin/../lib/gcc/arm-none-eabi/10.2.1/lto-wrapper -plugin-opt=-fresolution=/tmp/ccLE5BlU.res -plugin-opt=-pass-through=-lgcc -plugin-opt=-pass-through=-lc -plugin-opt=-pass-through=-lgcc -plugin-opt=-pass-through=-lc -plugin-opt=-pass-through=-lnosys --sysroot=/home/fdsa/opt/gcc-arm-none-eabi-10-2020-q4-major/bin/../arm-none-eabi -X -o cmTC_47303 /home/fdsa/opt/gcc-arm-none-eabi-10-2020-q4-major/bin/../lib/gcc/arm-none-eabi/10.2.1/crti.o /home/fdsa/opt/gcc-arm-none-eabi-10-2020-q4-major/bin/../lib/gcc/arm-none-eabi/10.2.1/crtbegin.o /home/fdsa/opt/gcc-arm-none-eabi-10-2020-q4-major/bin/../lib/gcc/arm-none-eabi/10.2.1/../../../../arm-none-eabi/lib/crt0.o -L/home/fdsa/opt/gcc-arm-none-eabi-10-2020-q4-major/bin/../lib/gcc/arm-none-eabi/10.2.1 -L/home/fdsa/opt/gcc-arm-none-eabi-10-2020-q4-major/bin/../lib/gcc -L/home/fdsa/opt/gcc-arm-none-eabi-10-2020-q4-major/bin/../lib/gcc/arm-none-eabi/10.2.1/../../../../arm-none-eabi/lib -L/home/fdsa/opt/gcc-arm-none-eabi-10-2020-q4-major/bin/../arm-none-eabi/lib CMakeFiles/cmTC_47303.dir/CMakeCXXCompilerABI.cpp.obj -lstdc++ -lm --start-group -lgcc -lc --end-group --start-group -lgcc -lc -lnosys --end-group /home/fdsa/opt/gcc-arm-none-eabi-10-2020-q4-major/bin/../lib/gcc/arm-none-eabi/10.2.1/crtend.o /home/fdsa/opt/gcc-arm-none-eabi-10-2020-q4-major/bin/../lib/gcc/arm-none-eabi/10.2.1/crtn.o]
    arg [/home/fdsa/opt/gcc-arm-none-eabi-10-2020-q4-major/bin/../lib/gcc/arm-none-eabi/10.2.1/collect2] ==> ignore
    arg [-plugin] ==> ignore
    arg [/home/fdsa/opt/gcc-arm-none-eabi-10-2020-q4-major/bin/../lib/gcc/arm-none-eabi/10.2.1/liblto_plugin.so] ==> ignore
    arg [-plugin-opt=/home/fdsa/opt/gcc-arm-none-eabi-10-2020-q4-major/bin/../lib/gcc/arm-none-eabi/10.2.1/lto-wrapper] ==> ignore
    arg [-plugin-opt=-fresolution=/tmp/ccLE5BlU.res] ==> ignore
    arg [-plugin-opt=-pass-through=-lgcc] ==> ignore
    arg [-plugin-opt=-pass-through=-lc] ==> ignore
    arg [-plugin-opt=-pass-through=-lgcc] ==> ignore
    arg [-plugin-opt=-pass-through=-lc] ==> ignore
    arg [-plugin-opt=-pass-through=-lnosys] ==> ignore
    arg [--sysroot=/home/fdsa/opt/gcc-arm-none-eabi-10-2020-q4-major/bin/../arm-none-eabi] ==> ignore
    arg [-X] ==> ignore
    arg [-o] ==> ignore
    arg [cmTC_47303] ==> ignore
    arg [/home/fdsa/opt/gcc-arm-none-eabi-10-2020-q4-major/bin/../lib/gcc/arm-none-eabi/10.2.1/crti.o] ==> ignore
    arg [/home/fdsa/opt/gcc-arm-none-eabi-10-2020-q4-major/bin/../lib/gcc/arm-none-eabi/10.2.1/crtbegin.o] ==> ignore
    arg [/home/fdsa/opt/gcc-arm-none-eabi-10-2020-q4-major/bin/../lib/gcc/arm-none-eabi/10.2.1/../../../../arm-none-eabi/lib/crt0.o] ==> ignore
    arg [-L/home/fdsa/opt/gcc-arm-none-eabi-10-2020-q4-major/bin/../lib/gcc/arm-none-eabi/10.2.1] ==> dir [/home/fdsa/opt/gcc-arm-none-eabi-10-2020-q4-major/bin/../lib/gcc/arm-none-eabi/10.2.1]
    arg [-L/home/fdsa/opt/gcc-arm-none-eabi-10-2020-q4-major/bin/../lib/gcc] ==> dir [/home/fdsa/opt/gcc-arm-none-eabi-10-2020-q4-major/bin/../lib/gcc]
    arg [-L/home/fdsa/opt/gcc-arm-none-eabi-10-2020-q4-major/bin/../lib/gcc/arm-none-eabi/10.2.1/../../../../arm-none-eabi/lib] ==> dir [/home/fdsa/opt/gcc-arm-none-eabi-10-2020-q4-major/bin/../lib/gcc/arm-none-eabi/10.2.1/../../../../arm-none-eabi/lib]
    arg [-L/home/fdsa/opt/gcc-arm-none-eabi-10-2020-q4-major/bin/../arm-none-eabi/lib] ==> dir [/home/fdsa/opt/gcc-arm-none-eabi-10-2020-q4-major/bin/../arm-none-eabi/lib]
    arg [CMakeFiles/cmTC_47303.dir/CMakeCXXCompilerABI.cpp.obj] ==> ignore
    arg [-lstdc++] ==> lib [stdc++]
    arg [-lm] ==> lib [m]
    arg [--start-group] ==> ignore
    arg [-lgcc] ==> lib [gcc]
    arg [-lc] ==> lib [c]
    arg [--end-group] ==> ignore
    arg [--start-group] ==> ignore
    arg [-lgcc] ==> lib [gcc]
    arg [-lc] ==> lib [c]
    arg [-lnosys] ==> lib [nosys]
    arg [--end-group] ==> ignore
    arg [/home/fdsa/opt/gcc-arm-none-eabi-10-2020-q4-major/bin/../lib/gcc/arm-none-eabi/10.2.1/crtend.o] ==> ignore
    arg [/home/fdsa/opt/gcc-arm-none-eabi-10-2020-q4-major/bin/../lib/gcc/arm-none-eabi/10.2.1/crtn.o] ==> ignore
  collapse library dir [/home/fdsa/opt/gcc-arm-none-eabi-10-2020-q4-major/bin/../lib/gcc/arm-none-eabi/10.2.1] ==> [/home/fdsa/opt/gcc-arm-none-eabi-10-2020-q4-major/lib/gcc/arm-none-eabi/10.2.1]
  collapse library dir [/home/fdsa/opt/gcc-arm-none-eabi-10-2020-q4-major/bin/../lib/gcc] ==> [/home/fdsa/opt/gcc-arm-none-eabi-10-2020-q4-major/lib/gcc]
  collapse library dir [/home/fdsa/opt/gcc-arm-none-eabi-10-2020-q4-major/bin/../lib/gcc/arm-none-eabi/10.2.1/../../../../arm-none-eabi/lib] ==> [/home/fdsa/opt/gcc-arm-none-eabi-10-2020-q4-major/arm-none-eabi/lib]
  collapse library dir [/home/fdsa/opt/gcc-arm-none-eabi-10-2020-q4-major/bin/../arm-none-eabi/lib] ==> [/home/fdsa/opt/gcc-arm-none-eabi-10-2020-q4-major/arm-none-eabi/lib]
  implicit libs: [stdc++;m;gcc;c;gcc;c;nosys]
  implicit dirs: [/home/fdsa/opt/gcc-arm-none-eabi-10-2020-q4-major/lib/gcc/arm-none-eabi/10.2.1;/home/fdsa/opt/gcc-arm-none-eabi-10-2020-q4-major/lib/gcc;/home/fdsa/opt/gcc-arm-none-eabi-10-2020-q4-major/arm-none-eabi/lib]
  implicit fwks: []




Detecting CXX [-std=c++1z] compiler features compiled with the following output:
Change Dir: /home/fdsa/freertos-colibri-imx7/examples/imx7_colibri_m4/driver_examples/gpio_bank2_imx/armgcc/release/CMakeFiles/CMakeTmp

Run Build Command:"/usr/bin/make" "cmTC_70f3e/fast"
/usr/bin/make -f CMakeFiles/cmTC_70f3e.dir/build.make CMakeFiles/cmTC_70f3e.dir/build
make[1]: Entering directory '/home/fdsa/freertos-colibri-imx7/examples/imx7_colibri_m4/driver_examples/gpio_bank2_imx/armgcc/release/CMakeFiles/CMakeTmp'
Building CXX object CMakeFiles/cmTC_70f3e.dir/feature_tests.cxx.obj
/home/fdsa/opt/gcc-arm-none-eabi-10-2020-q4-major/bin/arm-none-eabi-g++    --specs=nosys.specs    -std=c++1z -o CMakeFiles/cmTC_70f3e.dir/feature_tests.cxx.obj -c /home/fdsa/freertos-colibri-imx7/examples/imx7_colibri_m4/driver_examples/gpio_bank2_imx/armgcc/release/CMakeFiles/feature_tests.cxx
Linking CXX executable cmTC_70f3e
/usr/bin/cmake -E cmake_link_script CMakeFiles/cmTC_70f3e.dir/link.txt --verbose=1
/home/fdsa/opt/gcc-arm-none-eabi-10-2020-q4-major/bin/arm-none-eabi-g++  --specs=nosys.specs     CMakeFiles/cmTC_70f3e.dir/feature_tests.cxx.obj  -o cmTC_70f3e 
make[1]: Leaving directory '/home/fdsa/freertos-colibri-imx7/examples/imx7_colibri_m4/driver_examples/gpio_bank2_imx/armgcc/release/CMakeFiles/CMakeTmp'


    Feature record: CXX_FEATURE:1cxx_aggregate_default_initializers
    Feature record: CXX_FEATURE:1cxx_alias_templates
    Feature record: CXX_FEATURE:1cxx_alignas
    Feature record: CXX_FEATURE:1cxx_alignof
    Feature record: CXX_FEATURE:1cxx_attributes
    Feature record: CXX_FEATURE:1cxx_attribute_deprecated
    Feature record: CXX_FEATURE:1cxx_auto_type
    Feature record: CXX_FEATURE:1cxx_binary_literals
    Feature record: CXX_FEATURE:1cxx_constexpr
    Feature record: CXX_FEATURE:1cxx_contextual_conversions
    Feature record: CXX_FEATURE:1cxx_decltype
    Feature record: CXX_FEATURE:1cxx_decltype_auto
    Feature record: CXX_FEATURE:1cxx_decltype_incomplete_return_types
    Feature record: CXX_FEATURE:1cxx_default_function_template_args
    Feature record: CXX_FEATURE:1cxx_defaulted_functions
    Feature record: CXX_FEATURE:1cxx_defaulted_move_initializers
    Feature record: CXX_FEATURE:1cxx_delegating_constructors
    Feature record: CXX_FEATURE:1cxx_deleted_functions
    Feature record: CXX_FEATURE:1cxx_digit_separators
    Feature record: CXX_FEATURE:1cxx_enum_forward_declarations
    Feature record: CXX_FEATURE:1cxx_explicit_conversions
    Feature record: CXX_FEATURE:1cxx_extended_friend_declarations
    Feature record: CXX_FEATURE:1cxx_extern_templates
    Feature record: CXX_FEATURE:1cxx_final
    Feature record: CXX_FEATURE:1cxx_func_identifier
    Feature record: CXX_FEATURE:1cxx_generalized_initializers
    Feature record: CXX_FEATURE:1cxx_generic_lambdas
    Feature record: CXX_FEATURE:1cxx_inheriting_constructors
    Feature record: CXX_FEATURE:1cxx_inline_namespaces
    Feature record: CXX_FEATURE:1cxx_lambdas
    Feature record: CXX_FEATURE:1cxx_lambda_init_captures
    Feature record: CXX_FEATURE:1cxx_local_type_template_args
    Feature record: CXX_FEATURE:1cxx_long_long_type
    Feature record: CXX_FEATURE:1cxx_noexcept
    Feature record: CXX_FEATURE:1cxx_nonstatic_member_init
    Feature record: CXX_FEATURE:1cxx_nullptr
    Feature record: CXX_FEATURE:1cxx_override
    Feature record: CXX_FEATURE:1cxx_range_for
    Feature record: CXX_FEATURE:1cxx_raw_string_literals
    Feature record: CXX_FEATURE:1cxx_reference_qualified_functions
    Feature record: CXX_FEATURE:1cxx_relaxed_constexpr
    Feature record: CXX_FEATURE:1cxx_return_type_deduction
    Feature record: CXX_FEATURE:1cxx_right_angle_brackets
    Feature record: CXX_FEATURE:1cxx_rvalue_references
    Feature record: CXX_FEATURE:1cxx_sizeof_member
    Feature record: CXX_FEATURE:1cxx_static_assert
    Feature record: CXX_FEATURE:1cxx_strong_enums
    Feature record: CXX_FEATURE:1cxx_template_template_parameters
    Feature record: CXX_FEATURE:1cxx_thread_local
    Feature record: CXX_FEATURE:1cxx_trailing_return_types
    Feature record: CXX_FEATURE:1cxx_unicode_literals
    Feature record: CXX_FEATURE:1cxx_uniform_initialization
    Feature record: CXX_FEATURE:1cxx_unrestricted_unions
    Feature record: CXX_FEATURE:1cxx_user_literals
    Feature record: CXX_FEATURE:1cxx_variable_templates
    Feature record: CXX_FEATURE:1cxx_variadic_macros
    Feature record: CXX_FEATURE:1cxx_variadic_templates


Detecting CXX [-std=c++14] compiler features compiled with the following output:
Change Dir: /home/fdsa/freertos-colibri-imx7/examples/imx7_colibri_m4/driver_examples/gpio_bank2_imx/armgcc/release/CMakeFiles/CMakeTmp

Run Build Command:"/usr/bin/make" "cmTC_bc9af/fast"
/usr/bin/make -f CMakeFiles/cmTC_bc9af.dir/build.make CMakeFiles/cmTC_bc9af.dir/build
make[1]: Entering directory '/home/fdsa/freertos-colibri-imx7/examples/imx7_colibri_m4/driver_examples/gpio_bank2_imx/armgcc/release/CMakeFiles/CMakeTmp'
Building CXX object CMakeFiles/cmTC_bc9af.dir/feature_tests.cxx.obj
/home/fdsa/opt/gcc-arm-none-eabi-10-2020-q4-major/bin/arm-none-eabi-g++    --specs=nosys.specs    -std=c++14 -o CMakeFiles/cmTC_bc9af.dir/feature_tests.cxx.obj -c /home/fdsa/freertos-colibri-imx7/examples/imx7_colibri_m4/driver_examples/gpio_bank2_imx/armgcc/release/CMakeFiles/feature_tests.cxx
Linking CXX executable cmTC_bc9af
/usr/bin/cmake -E cmake_link_script CMakeFiles/cmTC_bc9af.dir/link.txt --verbose=1
/home/fdsa/opt/gcc-arm-none-eabi-10-2020-q4-major/bin/arm-none-eabi-g++  --specs=nosys.specs     CMakeFiles/cmTC_bc9af.dir/feature_tests.cxx.obj  -o cmTC_bc9af 
make[1]: Leaving directory '/home/fdsa/freertos-colibri-imx7/examples/imx7_colibri_m4/driver_examples/gpio_bank2_imx/armgcc/release/CMakeFiles/CMakeTmp'


    Feature record: CXX_FEATURE:1cxx_aggregate_default_initializers
    Feature record: CXX_FEATURE:1cxx_alias_templates
    Feature record: CXX_FEATURE:1cxx_alignas
    Feature record: CXX_FEATURE:1cxx_alignof
    Feature record: CXX_FEATURE:1cxx_attributes
    Feature record: CXX_FEATURE:1cxx_attribute_deprecated
    Feature record: CXX_FEATURE:1cxx_auto_type
    Feature record: CXX_FEATURE:1cxx_binary_literals
    Feature record: CXX_FEATURE:1cxx_constexpr
    Feature record: CXX_FEATURE:1cxx_contextual_conversions
    Feature record: CXX_FEATURE:1cxx_decltype
    Feature record: CXX_FEATURE:1cxx_decltype_auto
    Feature record: CXX_FEATURE:1cxx_decltype_incomplete_return_types
    Feature record: CXX_FEATURE:1cxx_default_function_template_args
    Feature record: CXX_FEATURE:1cxx_defaulted_functions
    Feature record: CXX_FEATURE:1cxx_defaulted_move_initializers
    Feature record: CXX_FEATURE:1cxx_delegating_constructors
    Feature record: CXX_FEATURE:1cxx_deleted_functions
    Feature record: CXX_FEATURE:1cxx_digit_separators
    Feature record: CXX_FEATURE:1cxx_enum_forward_declarations
    Feature record: CXX_FEATURE:1cxx_explicit_conversions
    Feature record: CXX_FEATURE:1cxx_extended_friend_declarations
    Feature record: CXX_FEATURE:1cxx_extern_templates
    Feature record: CXX_FEATURE:1cxx_final
    Feature record: CXX_FEATURE:1cxx_func_identifier
    Feature record: CXX_FEATURE:1cxx_generalized_initializers
    Feature record: CXX_FEATURE:1cxx_generic_lambdas
    Feature record: CXX_FEATURE:1cxx_inheriting_constructors
    Feature record: CXX_FEATURE:1cxx_inline_namespaces
    Feature record: CXX_FEATURE:1cxx_lambdas
    Feature record: CXX_FEATURE:1cxx_lambda_init_captures
    Feature record: CXX_FEATURE:1cxx_local_type_template_args
    Feature record: CXX_FEATURE:1cxx_long_long_type
    Feature record: CXX_FEATURE:1cxx_noexcept
    Feature record: CXX_FEATURE:1cxx_nonstatic_member_init
    Feature record: CXX_FEATURE:1cxx_nullptr
    Feature record: CXX_FEATURE:1cxx_override
    Feature record: CXX_FEATURE:1cxx_range_for
    Feature record: CXX_FEATURE:1cxx_raw_string_literals
    Feature record: CXX_FEATURE:1cxx_reference_qualified_functions
    Feature record: CXX_FEATURE:1cxx_relaxed_constexpr
    Feature record: CXX_FEATURE:1cxx_return_type_deduction
    Feature record: CXX_FEATURE:1cxx_right_angle_brackets
    Feature record: CXX_FEATURE:1cxx_rvalue_references
    Feature record: CXX_FEATURE:1cxx_sizeof_member
    Feature record: CXX_FEATURE:1cxx_static_assert
    Feature record: CXX_FEATURE:1cxx_strong_enums
    Feature record: CXX_FEATURE:1cxx_template_template_parameters
    Feature record: CXX_FEATURE:1cxx_thread_local
    Feature record: CXX_FEATURE:1cxx_trailing_return_types
    Feature record: CXX_FEATURE:1cxx_unicode_literals
    Feature record: CXX_FEATURE:1cxx_uniform_initialization
    Feature record: CXX_FEATURE:1cxx_unrestricted_unions
    Feature record: CXX_FEATURE:1cxx_user_literals
    Feature record: CXX_FEATURE:1cxx_variable_templates
    Feature record: CXX_FEATURE:1cxx_variadic_macros
    Feature record: CXX_FEATURE:1cxx_variadic_templates


Detecting CXX [-std=c++11] compiler features compiled with the following output:
Change Dir: /home/fdsa/freertos-colibri-imx7/examples/imx7_colibri_m4/driver_examples/gpio_bank2_imx/armgcc/release/CMakeFiles/CMakeTmp

Run Build Command:"/usr/bin/make" "cmTC_e3537/fast"
/usr/bin/make -f CMakeFiles/cmTC_e3537.dir/build.make CMakeFiles/cmTC_e3537.dir/build
make[1]: Entering directory '/home/fdsa/freertos-colibri-imx7/examples/imx7_colibri_m4/driver_examples/gpio_bank2_imx/armgcc/release/CMakeFiles/CMakeTmp'
Building CXX object CMakeFiles/cmTC_e3537.dir/feature_tests.cxx.obj
/home/fdsa/opt/gcc-arm-none-eabi-10-2020-q4-major/bin/arm-none-eabi-g++    --specs=nosys.specs    -std=c++11 -o CMakeFiles/cmTC_e3537.dir/feature_tests.cxx.obj -c /home/fdsa/freertos-colibri-imx7/examples/imx7_colibri_m4/driver_examples/gpio_bank2_imx/armgcc/release/CMakeFiles/feature_tests.cxx
Linking CXX executable cmTC_e3537
/usr/bin/cmake -E cmake_link_script CMakeFiles/cmTC_e3537.dir/link.txt --verbose=1
/home/fdsa/opt/gcc-arm-none-eabi-10-2020-q4-major/bin/arm-none-eabi-g++  --specs=nosys.specs     CMakeFiles/cmTC_e3537.dir/feature_tests.cxx.obj  -o cmTC_e3537 
make[1]: Leaving directory '/home/fdsa/freertos-colibri-imx7/examples/imx7_colibri_m4/driver_examples/gpio_bank2_imx/armgcc/release/CMakeFiles/CMakeTmp'


    Feature record: CXX_FEATURE:0cxx_aggregate_default_initializers
    Feature record: CXX_FEATURE:1cxx_alias_templates
    Feature record: CXX_FEATURE:1cxx_alignas
    Feature record: CXX_FEATURE:1cxx_alignof
    Feature record: CXX_FEATURE:1cxx_attributes
    Feature record: CXX_FEATURE:0cxx_attribute_deprecated
    Feature record: CXX_FEATURE:1cxx_auto_type
    Feature record: CXX_FEATURE:0cxx_binary_literals
    Feature record: CXX_FEATURE:1cxx_constexpr
    Feature record: CXX_FEATURE:0cxx_contextual_conversions
    Feature record: CXX_FEATURE:1cxx_decltype
    Feature record: CXX_FEATURE:0cxx_decltype_auto
    Feature record: CXX_FEATURE:1cxx_decltype_incomplete_return_types
    Feature record: CXX_FEATURE:1cxx_default_function_template_args
    Feature record: CXX_FEATURE:1cxx_defaulted_functions
    Feature record: CXX_FEATURE:1cxx_defaulted_move_initializers
    Feature record: CXX_FEATURE:1cxx_delegating_constructors
    Feature record: CXX_FEATURE:1cxx_deleted_functions
    Feature record: CXX_FEATURE:0cxx_digit_separators
    Feature record: CXX_FEATURE:1cxx_enum_forward_declarations
    Feature record: CXX_FEATURE:1cxx_explicit_conversions
    Feature record: CXX_FEATURE:1cxx_extended_friend_declarations
    Feature record: CXX_FEATURE:1cxx_extern_templates
    Feature record: CXX_FEATURE:1cxx_final
    Feature record: CXX_FEATURE:1cxx_func_identifier
    Feature record: CXX_FEATURE:1cxx_generalized_initializers
    Feature record: CXX_FEATURE:0cxx_generic_lambdas
    Feature record: CXX_FEATURE:1cxx_inheriting_constructors
    Feature record: CXX_FEATURE:1cxx_inline_namespaces
    Feature record: CXX_FEATURE:1cxx_lambdas
    Feature record: CXX_FEATURE:0cxx_lambda_init_captures
    Feature record: CXX_FEATURE:1cxx_local_type_template_args
    Feature record: CXX_FEATURE:1cxx_long_long_type
    Feature record: CXX_FEATURE:1cxx_noexcept
    Feature record: CXX_FEATURE:1cxx_nonstatic_member_init
    Feature record: CXX_FEATURE:1cxx_nullptr
    Feature record: CXX_FEATURE:1cxx_override
    Feature record: CXX_FEATURE:1cxx_range_for
    Feature record: CXX_FEATURE:1cxx_raw_string_literals
    Feature record: CXX_FEATURE:1cxx_reference_qualified_functions
    Feature record: CXX_FEATURE:0cxx_relaxed_constexpr
    Feature record: CXX_FEATURE:0cxx_return_type_deduction
    Feature record: CXX_FEATURE:1cxx_right_angle_brackets
    Feature record: CXX_FEATURE:1cxx_rvalue_references
    Feature record: CXX_FEATURE:1cxx_sizeof_member
    Feature record: CXX_FEATURE:1cxx_static_assert
    Feature record: CXX_FEATURE:1cxx_strong_enums
    Feature record: CXX_FEATURE:1cxx_template_template_parameters
    Feature record: CXX_FEATURE:1cxx_thread_local
    Feature record: CXX_FEATURE:1cxx_trailing_return_types
    Feature record: CXX_FEATURE:1cxx_unicode_literals
    Feature record: CXX_FEATURE:1cxx_uniform_initialization
    Feature record: CXX_FEATURE:1cxx_unrestricted_unions
    Feature record: CXX_FEATURE:1cxx_user_literals
    Feature record: CXX_FEATURE:0cxx_variable_templates
    Feature record: CXX_FEATURE:1cxx_variadic_macros
    Feature record: CXX_FEATURE:1cxx_variadic_templates


Detecting CXX [-std=c++98] compiler features compiled with the following output:
Change Dir: /home/fdsa/freertos-colibri-imx7/examples/imx7_colibri_m4/driver_examples/gpio_bank2_imx/armgcc/release/CMakeFiles/CMakeTmp

Run Build Command:"/usr/bin/make" "cmTC_bd77a/fast"
/usr/bin/make -f CMakeFiles/cmTC_bd77a.dir/build.make CMakeFiles/cmTC_bd77a.dir/build
make[1]: Entering directory '/home/fdsa/freertos-colibri-imx7/examples/imx7_colibri_m4/driver_examples/gpio_bank2_imx/armgcc/release/CMakeFiles/CMakeTmp'
Building CXX object CMakeFiles/cmTC_bd77a.dir/feature_tests.cxx.obj
/home/fdsa/opt/gcc-arm-none-eabi-10-2020-q4-major/bin/arm-none-eabi-g++    --specs=nosys.specs    -std=c++98 -o CMakeFiles/cmTC_bd77a.dir/feature_tests.cxx.obj -c /home/fdsa/freertos-colibri-imx7/examples/imx7_colibri_m4/driver_examples/gpio_bank2_imx/armgcc/release/CMakeFiles/feature_tests.cxx
Linking CXX executable cmTC_bd77a
/usr/bin/cmake -E cmake_link_script CMakeFiles/cmTC_bd77a.dir/link.txt --verbose=1
/home/fdsa/opt/gcc-arm-none-eabi-10-2020-q4-major/bin/arm-none-eabi-g++  --specs=nosys.specs     CMakeFiles/cmTC_bd77a.dir/feature_tests.cxx.obj  -o cmTC_bd77a 
make[1]: Leaving directory '/home/fdsa/freertos-colibri-imx7/examples/imx7_colibri_m4/driver_examples/gpio_bank2_imx/armgcc/release/CMakeFiles/CMakeTmp'


    Feature record: CXX_FEATURE:0cxx_aggregate_default_initializers
    Feature record: CXX_FEATURE:0cxx_alias_templates
    Feature record: CXX_FEATURE:0cxx_alignas
    Feature record: CXX_FEATURE:0cxx_alignof
    Feature record: CXX_FEATURE:0cxx_attributes
    Feature record: CXX_FEATURE:0cxx_attribute_deprecated
    Feature record: CXX_FEATURE:0cxx_auto_type
    Feature record: CXX_FEATURE:0cxx_binary_literals
    Feature record: CXX_FEATURE:0cxx_constexpr
    Feature record: CXX_FEATURE:0cxx_contextual_conversions
    Feature record: CXX_FEATURE:0cxx_decltype
    Feature record: CXX_FEATURE:0cxx_decltype_auto
    Feature record: CXX_FEATURE:0cxx_decltype_incomplete_return_types
    Feature record: CXX_FEATURE:0cxx_default_function_template_args
    Feature record: CXX_FEATURE:0cxx_defaulted_functions
    Feature record: CXX_FEATURE:0cxx_defaulted_move_initializers
    Feature record: CXX_FEATURE:0cxx_delegating_constructors
    Feature record: CXX_FEATURE:0cxx_deleted_functions
    Feature record: CXX_FEATURE:0cxx_digit_separators
    Feature record: CXX_FEATURE:0cxx_enum_forward_declarations
    Feature record: CXX_FEATURE:0cxx_explicit_conversions
    Feature record: CXX_FEATURE:0cxx_extended_friend_declarations
    Feature record: CXX_FEATURE:0cxx_extern_templates
    Feature record: CXX_FEATURE:0cxx_final
    Feature record: CXX_FEATURE:0cxx_func_identifier
    Feature record: CXX_FEATURE:0cxx_generalized_initializers
    Feature record: CXX_FEATURE:0cxx_generic_lambdas
    Feature record: CXX_FEATURE:0cxx_inheriting_constructors
    Feature record: CXX_FEATURE:0cxx_inline_namespaces
    Feature record: CXX_FEATURE:0cxx_lambdas
    Feature record: CXX_FEATURE:0cxx_lambda_init_captures
    Feature record: CXX_FEATURE:0cxx_local_type_template_args
    Feature record: CXX_FEATURE:0cxx_long_long_type
    Feature record: CXX_FEATURE:0cxx_noexcept
    Feature record: CXX_FEATURE:0cxx_nonstatic_member_init
    Feature record: CXX_FEATURE:0cxx_nullptr
    Feature record: CXX_FEATURE:0cxx_override
    Feature record: CXX_FEATURE:0cxx_range_for
    Feature record: CXX_FEATURE:0cxx_raw_string_literals
    Feature record: CXX_FEATURE:0cxx_reference_qualified_functions
    Feature record: CXX_FEATURE:0cxx_relaxed_constexpr
    Feature record: CXX_FEATURE:0cxx_return_type_deduction
    Feature record: CXX_FEATURE:0cxx_right_angle_brackets
    Feature record: CXX_FEATURE:0cxx_rvalue_references
    Feature record: CXX_FEATURE:0cxx_sizeof_member
    Feature record: CXX_FEATURE:0cxx_static_assert
    Feature record: CXX_FEATURE:0cxx_strong_enums
    Feature record: CXX_FEATURE:1cxx_template_template_parameters
    Feature record: CXX_FEATURE:0cxx_thread_local
    Feature record: CXX_FEATURE:0cxx_trailing_return_types
    Feature record: CXX_FEATURE:0cxx_unicode_literals
    Feature record: CXX_FEATURE:0cxx_uniform_initialization
    Feature record: CXX_FEATURE:0cxx_unrestricted_unions
    Feature record: CXX_FEATURE:0cxx_user_literals
    Feature record: CXX_FEATURE:0cxx_variable_templates
    Feature record: CXX_FEATURE:0cxx_variadic_macros
    Feature record: CXX_FEATURE:0cxx_variadic_templates
Checking whether the ASM compiler is GNU using "--version" matched "(GNU assembler)|(GCC)|(Free Software Foundation)":
arm-none-eabi-gcc (GNU Arm Embedded Toolchain 10-2020-q4-major) 10.2.1 20201103 (release)
Copyright (C) 2020 Free Software Foundation, Inc.
This is free software; see the source for copying conditions.  There is NO
warranty; not even for MERCHANTABILITY or FITNESS FOR A PARTICULAR PURPOSE.

